<?xml version="1.0" encoding="UTF-8"?>
<!-- Generated by org.testng.reporters.JUnitXMLReporter -->
<testsuite ignored="0" hostname="DESKTOP-J5JKRU5" failures="0" tests="3" name="Default test" time="20.929" errors="0" timestamp="2020-04-28T17:34:24 IST">
  <testcase classname="HomePageLoadingTest" name="login" time="4.933"/>
  <testcase classname="HomePageLoadingTest" name="searchItem" time="1.771"/>
  <testcase classname="HomePageLoadingTest" name="searchItem" time="4.455"/>
</testsuite> <!-- Default test -->
