<?xml version="1.0" encoding="UTF-8"?>
<!-- Generated by org.testng.reporters.JUnitXMLReporter -->
<testsuite ignored="0" hostname="DESKTOP-J5JKRU5" failures="0" tests="1" name="Test" time="0.136" errors="0" timestamp="2020-05-13T23:39:27 IST">
  <testcase classname="HomePageLoadingTest" name="@BeforeTest pageLoading" time="0.097">
    <failure type="java.lang.NullPointerException">
      <![CDATA[java.lang.NullPointerException
at resources.Base.driverSetup(Base.java:40)
at HomePageLoadingTest.pageLoading(HomePageLoadingTest.java:37)
... Removed 24 stack frames]]>
    </failure>
  </testcase> <!-- @BeforeTest pageLoading -->
  <testcase classname="HomePageLoadingTest" name="@AfterTest teardown" time="-1.589393367095E9">
    <skipped/>
  </testcase> <!-- @AfterTest teardown -->
  <testcase classname="HomePageLoadingTest" name="login" time="0.0">
    <skipped/>
  </testcase> <!-- login -->
</testsuite> <!-- Test -->
